c:\users\sang wo park\desktop\github\simplerenderer2d\renderer\objects\debug\rendererlib.pch
c:\users\sang wo park\desktop\github\simplerenderer2d\renderer\executables\rendererlib.pdb
c:\users\sang wo park\desktop\github\simplerenderer2d\renderer\executables\rendererlib.idb
c:\users\sang wo park\desktop\github\simplerenderer2d\renderer\objects\debug\pch.obj
c:\users\sang wo park\desktop\github\simplerenderer2d\renderer\objects\debug\timer.obj
c:\users\sang wo park\desktop\github\simplerenderer2d\renderer\objects\debug\texture.obj
c:\users\sang wo park\desktop\github\simplerenderer2d\renderer\objects\debug\simplemath.obj
c:\users\sang wo park\desktop\github\simplerenderer2d\renderer\objects\debug\shader.obj
c:\users\sang wo park\desktop\github\simplerenderer2d\renderer\objects\debug\rendererlibpch.obj
c:\users\sang wo park\desktop\github\simplerenderer2d\renderer\objects\debug\renderengine.obj
c:\users\sang wo park\desktop\github\simplerenderer2d\renderer\objects\debug\rectangle.obj
c:\users\sang wo park\desktop\github\simplerenderer2d\renderer\objects\debug\input.obj
c:\users\sang wo park\desktop\github\simplerenderer2d\renderer\objects\debug\igeometry.obj
c:\users\sang wo park\desktop\github\simplerenderer2d\renderer\objects\debug\igameinterface.obj
c:\users\sang wo park\desktop\github\simplerenderer2d\renderer\objects\debug\helperinclude.obj
c:\users\sang wo park\desktop\github\simplerenderer2d\renderer\objects\debug\gameloader.obj
c:\users\sang wo park\desktop\github\simplerenderer2d\renderer\objects\debug\camera.obj
c:\users\sang wo park\desktop\github\simplerenderer2d\renderer\objects\debug\imgui_widgets.obj
c:\users\sang wo park\desktop\github\simplerenderer2d\renderer\objects\debug\imgui_tables.obj
c:\users\sang wo park\desktop\github\simplerenderer2d\renderer\objects\debug\imgui_impl_win32.obj
c:\users\sang wo park\desktop\github\simplerenderer2d\renderer\objects\debug\imgui_impl_dx11.obj
c:\users\sang wo park\desktop\github\simplerenderer2d\renderer\objects\debug\imgui_draw.obj
c:\users\sang wo park\desktop\github\simplerenderer2d\renderer\objects\debug\imgui_demo.obj
c:\users\sang wo park\desktop\github\simplerenderer2d\renderer\objects\debug\imgui.obj
c:\users\sang wo park\desktop\github\simplerenderer2d\renderer\objects\debug\circle.obj
c:\users\sang wo park\desktop\github\simplerenderer2d\renderer\executables\basic.cso
c:\users\sang wo park\desktop\github\simplerenderer2d\renderer\executables\rendererlib.lib
c:\users\sang wo park\desktop\github\simplerenderer2d\renderer\objects\debug\01. hellotriangle.obj
c:\users\sang wo park\desktop\github\simplerenderer2d\renderer\objects\debug\main.obj
c:\users\sang wo park\desktop\github\simplerenderer2d\renderer\objects\debug\sphere.obj
c:\users\sang wo park\desktop\github\simplerenderer2d\renderer\objects\debug\client.ilk
c:\users\sang wo park\desktop\github\simplerenderer2d\renderer\objects\debug\renderer.res
c:\users\sang wo park\desktop\github\simplerenderer2d\renderer\objects\debug\client.pch
c:\users\sang wo park\desktop\github\simplerenderer2d\renderer\objects\debug\vc143.idb
c:\users\sang wo park\desktop\github\simplerenderer2d\renderer\objects\debug\vc143.pdb
c:\users\sang wo park\desktop\github\simplerenderer2d\renderer\objects\debug\rendererlib.vcxproj.filelistabsolute.txt
c:\users\sang wo park\desktop\github\simplerenderer2d\renderer\objects\debug\rendererlib.tlog\cl.command.1.tlog
c:\users\sang wo park\desktop\github\simplerenderer2d\renderer\objects\debug\rendererlib.tlog\cl.items.tlog
c:\users\sang wo park\desktop\github\simplerenderer2d\renderer\objects\debug\rendererlib.tlog\cl.read.1.tlog
c:\users\sang wo park\desktop\github\simplerenderer2d\renderer\objects\debug\rendererlib.tlog\cl.write.1.tlog
c:\users\sang wo park\desktop\github\simplerenderer2d\renderer\objects\debug\rendererlib.tlog\fxc.command.1.tlog
c:\users\sang wo park\desktop\github\simplerenderer2d\renderer\objects\debug\rendererlib.tlog\fxc.read.1.tlog
c:\users\sang wo park\desktop\github\simplerenderer2d\renderer\objects\debug\rendererlib.tlog\fxc.write.1.tlog
c:\users\sang wo park\desktop\github\simplerenderer2d\renderer\objects\debug\rendererlib.tlog\lib-link.read.1.tlog
c:\users\sang wo park\desktop\github\simplerenderer2d\renderer\objects\debug\rendererlib.tlog\lib-link.write.1.tlog
c:\users\sang wo park\desktop\github\simplerenderer2d\renderer\objects\debug\rendererlib.tlog\lib.command.1.tlog
